[debug] [2022-06-13T17:18:58.178Z] ----------------------------------------------------------------------
[debug] [2022-06-13T17:18:58.180Z] Command:       /usr/local/bin/node /usr/local/bin/firebase init
[debug] [2022-06-13T17:18:58.181Z] CLI Version:   11.0.1
[debug] [2022-06-13T17:18:58.181Z] Platform:      linux
[debug] [2022-06-13T17:18:58.182Z] Node Version:  v18.2.0
[debug] [2022-06-13T17:18:58.182Z] Time:          Mon Jun 13 2022 18:18:58 GMT+0100 (West Africa Standard Time)
[debug] [2022-06-13T17:18:58.182Z] ----------------------------------------------------------------------
[debug] 
[debug] [2022-06-13T17:18:58.191Z] > command requires scopes: ["email","openid","https://www.googleapis.com/auth/cloudplatformprojects.readonly","https://www.googleapis.com/auth/firebase","https://www.googleapis.com/auth/cloud-platform"]
[debug] [2022-06-13T17:18:58.192Z] > authorizing via signed-in user (marvelpro788@gmail.com)
[info] 
     ######## #### ########  ######## ########     ###     ######  ########
     ##        ##  ##     ## ##       ##     ##  ##   ##  ##       ##
     ######    ##  ########  ######   ########  #########  ######  ######
     ##        ##  ##    ##  ##       ##     ## ##     ##       ## ##
     ##       #### ##     ## ######## ########  ##     ##  ######  ########

You're about to initialize a Firebase project in this directory:

  /home/folagbade/Documents/Projects/Image-editor

[info] 
=== Project Setup
[info] 
[info] First, let's associate this project directory with a Firebase project.
[info] You can create multiple project aliases by running firebase use --add, 
[info] but for now we'll just set up a default project.
[info] 
[debug] [2022-06-13T17:19:07.809Z] >>> [apiv2][query] GET https://firebase.googleapis.com/v1beta1/projects pageSize=100
[debug] [2022-06-13T17:19:08.933Z] <<< [apiv2][status] GET https://firebase.googleapis.com/v1beta1/projects 200
[debug] [2022-06-13T17:19:08.934Z] <<< [apiv2][body] GET https://firebase.googleapis.com/v1beta1/projects [omitted]
[info] i  Using project imageeditor-556c7 (imageEditor) 
[info] 
=== Hosting Setup
[info] 
[info] Your public directory is the folder (relative to your project directory) that
[info] will contain Hosting assets to be uploaded with firebase deploy. If you
[info] have a build process for your assets, use your build's output directory.
[info] 
